Start testing: Mar 16 17:01 WAT
----------------------------------------------------------
1/12 Testing: optimatrix_kernels_unit
1/12 Test: optimatrix_kernels_unit
Command: "/home/samuel-yevi/Dev/optimus/k-mamba/build/tests/test_optimatrix_kernels"
Directory: /home/samuel-yevi/Dev/optimus/k-mamba/build/tests
"optimatrix_kernels_unit" start time: Mar 16 17:01 WAT
Output:
----------------------------------------------------------
=== optimatrix Kernels Test Suite ===
Testing GEMM/GEMV AVX2 implementations

Testing GEMM small matrices (3x4 * 4x2)...
PASS: GEMM small matrices
Testing GEMM medium matrices (64x128 * 128x256)...
PASS: GEMM medium matrices
Testing GEMM edge cases...
PASS: GEMM edge cases
Testing GEMV small (4x3 * 3)...
PASS: GEMV small
Testing GEMV large (1024x1024 * 1024)...
PASS: GEMV large

=== Test Results ===
Passed: 5/5 tests
All tests PASSED!

=== Performance Benchmarks ===
Benchmarking GEMM performance...
Reference: 36.113 sec (0.74 GFLOPS)
AVX2:      35.189 sec (0.76 GFLOPS)
Speedup:   1.03x
<end of output>
Test time =  71.41 sec
----------------------------------------------------------
Test Passed.
"optimatrix_kernels_unit" end time: Mar 16 17:02 WAT
"optimatrix_kernels_unit" time elapsed: 00:01:11
----------------------------------------------------------

2/12 Testing: utilitaires_unit
2/12 Test: utilitaires_unit
Command: "/home/samuel-yevi/Dev/optimus/k-mamba/build/tests/test_utilitaires"
Directory: /home/samuel-yevi/Dev/optimus/k-mamba/build/tests
"utilitaires_unit" start time: Mar 16 17:02 WAT
Output:
----------------------------------------------------------
=== optimatrix Utilitaires Test Suite ===
Testing basic utilitaires available in optimatrix

Testing gradient norm computation...
PASS: Gradient norm computation
Testing gradient clipping...
PASS: Gradient clipping
Testing vector addition...
PASS: Vector addition
Testing vector scaling...
PASS: Vector scaling
Testing Hadamard product basic...
PASS: Hadamard product basic

=== Test Results ===
Passed: 5/5 tests
All tests PASSED!

=== Performance Benchmarks ===
Benchmarking vector operations...
Vector Add: 0.986 sec (1.06 G elems/sec)
<end of output>
Test time =   1.08 sec
----------------------------------------------------------
Test Passed.
"utilitaires_unit" end time: Mar 16 17:02 WAT
"utilitaires_unit" time elapsed: 00:00:01
----------------------------------------------------------

3/12 Testing: kmamba_inference_working
3/12 Test: kmamba_inference_working
Command: "/home/samuel-yevi/Dev/optimus/k-mamba/build/tests/test_kmamba_inference_working"
Directory: /home/samuel-yevi/Dev/optimus/k-mamba/build/tests
"kmamba_inference_working" start time: Mar 16 17:02 WAT
Output:
----------------------------------------------------------
=== KMamba Inference Test Suite (Working Version) ===
Testing basic inference functionality

Testing KMamba config creation...
PASS: Config creation
Testing token validation...
PASS: Token validation
Testing logits computation simulation...
PASS: Logits computation
Testing token selection (argmax)...
PASS: Token selection

=== Test Results ===
Passed: 4/4 tests
All tests PASSED!

=== Performance Benchmarks ===
Benchmarking simple operations...
Logits computation: 0.822 sec (0.04 G ops/sec)
<end of output>
Test time =   0.83 sec
----------------------------------------------------------
Test Passed.
"kmamba_inference_working" end time: Mar 16 17:02 WAT
"kmamba_inference_working" time elapsed: 00:00:00
----------------------------------------------------------

4/12 Testing: convnd_integration
4/12 Test: convnd_integration
Command: "/home/samuel-yevi/Dev/optimus/k-mamba/build/tests/test_convnd"
Directory: /home/samuel-yevi/Dev/optimus/k-mamba/build/tests
"convnd_integration" start time: Mar 16 17:02 WAT
Output:
----------------------------------------------------------
=== ConvND Integration Test Suite ===
Testing ConvND integration with MambaBlock

Testing basic ConvND operations...
PASS: Basic ConvND operations
Testing MambaBlock integration with ConvND...
PASS: MambaBlock integration with ConvND

=== Test Results ===
Passed: 2/2 tests
All tests PASSED!

=== Performance Benchmarks ===
Benchmarking ConvND performance...
ConvND Performance:
  Throughput: 1.44 GB/s
  Latency:    0.182 ms/forward
  Data size:  1.00 MB
<end of output>
Test time =   0.04 sec
----------------------------------------------------------
Test Passed.
"convnd_integration" end time: Mar 16 17:02 WAT
"convnd_integration" time elapsed: 00:00:00
----------------------------------------------------------

5/12 Testing: kmamba_inference_e2e
5/12 Test: kmamba_inference_e2e
Command: "/home/samuel-yevi/Dev/optimus/k-mamba/build/tests/test_kmamba_inference"
Directory: /home/samuel-yevi/Dev/optimus/k-mamba/build/tests
"kmamba_inference_e2e" start time: Mar 16 17:02 WAT
Output:
----------------------------------------------------------
=== KMamba Inference Test Suite ===
Testing complete KMamba inference pipeline

Testing basic KMamba forward pass...
PASS: Basic forward pass
Testing autoregressive generation...
PASS: Autoregressive generation
Testing byte-level vocabulary...
PASS: Byte-level vocabulary

=== Test Results ===
Passed: 3/3 tests
All tests PASSED!

=== Performance Benchmarks ===
Benchmarking inference performance...
Inference Performance:
  Throughput: 3761.33 tokens/sec
  Latency:    34.030 ms/forward
  Model size: 3343872 parameters
<end of output>
Test time =   3.48 sec
----------------------------------------------------------
Test Passed.
"kmamba_inference_e2e" end time: Mar 16 17:02 WAT
"kmamba_inference_e2e" time elapsed: 00:00:03
----------------------------------------------------------

6/12 Testing: kmamba_training_e2e
6/12 Test: kmamba_training_e2e
Command: "/home/samuel-yevi/Dev/optimus/k-mamba/build/tests/test_kmamba_training"
Directory: /home/samuel-yevi/Dev/optimus/k-mamba/build/tests
"kmamba_training_e2e" start time: Mar 16 17:02 WAT
Output:
----------------------------------------------------------
=== KMamba Training Test Suite ===
Testing complete KMamba training pipeline

Testing basic KMamba training step...
PASS: Basic training step (loss: 5.5357)
Testing training convergence...
Loss: 5.5455 -> 0.8294 (6.69x reduction)
PASS: Training convergence
Testing batch training...
Batch loss: 5.5492 (4 sequences)
PASS: Batch training

=== Test Results ===
Passed: 3/3 tests
All tests PASSED!

=== Performance Benchmarks ===
Benchmarking training performance...
Training Performance:
  Throughput: 7829.50 tokens/sec
  Latency:    8.174 ms/step
<end of output>
Test time =   0.42 sec
----------------------------------------------------------
Test Passed.
"kmamba_training_e2e" end time: Mar 16 17:02 WAT
"kmamba_training_e2e" time elapsed: 00:00:00
----------------------------------------------------------

7/12 Testing: gradient_utils_unit
7/12 Test: gradient_utils_unit
Command: "/home/samuel-yevi/Dev/optimus/k-mamba/build/tests/test_gradient_utils"
Directory: /home/samuel-yevi/Dev/optimus/k-mamba/build/tests
"gradient_utils_unit" start time: Mar 16 17:02 WAT
Output:
----------------------------------------------------------
=== Gradient Utils Test Suite ===
Testing gradient utilities from optimatrix

Testing gradient norm basic cases...
PASS: Gradient norm basic cases
Testing gradient norm random vectors...
PASS: Gradient norm random vectors
Testing gradient norm edge cases...
PASS: Gradient norm edge cases
Testing gradient clipping (no clipping needed)...
PASS: Gradient clipping (no clipping)
Testing gradient clipping (clipping needed)...
PASS: Gradient clipping (with clipping)
Testing gradient clipping edge cases...
Empty vector clipping handled gracefully
PASS: Gradient clipping edge cases
Testing gradient clipping (copy version)...
PASS: Gradient clipping (copy version)

=== Test Results ===
Passed: 7/7 tests
All tests PASSED!

=== Performance Benchmarks ===
Benchmarking gradient operations...
Gradient Norm: 0.346 sec (0.29 G elems/sec)
Gradient Clip: 0.328 sec (0.30 G elems/sec)
<end of output>
Test time =   0.74 sec
----------------------------------------------------------
Test Passed.
"gradient_utils_unit" end time: Mar 16 17:02 WAT
"gradient_utils_unit" time elapsed: 00:00:00
----------------------------------------------------------

8/12 Testing: optimizers_unit
8/12 Test: optimizers_unit
Command: "/home/samuel-yevi/Dev/optimus/k-mamba/build/tests/test_optimizers_new"
Directory: /home/samuel-yevi/Dev/optimus/k-mamba/build/tests
"optimizers_unit" start time: Mar 16 17:02 WAT
Output:
----------------------------------------------------------
=== k-mamba Optimizer Test Suite ===
Testing MUONCLIP and SGD optimizers

Testing MUONCLIP optimizer basic functionality...
PASS: MUONCLIP basic functionality
Testing MUONCLIP gradient clipping...
PASS: MUONCLIP gradient clipping
Testing SGD optimizer basic functionality...
PASS: SGD basic functionality
Testing optimizer convergence...
Loss: 7.017829 -> 0.000000 (3681160960.00x reduction)
PASS: Optimizer convergence
Testing optimizer weight decay...
PASS: Optimizer weight decay

=== Test Results ===
Passed: 5/5 tests
All tests PASSED!

=== Performance Benchmarks ===
Benchmarking optimizer performance...
Optimizer Performance:
  Parameters: 10000
  Throughput: 58.10 M params/sec
  Latency: 0.172 ms/step
<end of output>
Test time =   0.02 sec
----------------------------------------------------------
Test Passed.
"optimizers_unit" end time: Mar 16 17:02 WAT
"optimizers_unit" time elapsed: 00:00:00
----------------------------------------------------------

9/12 Testing: simple_test
9/12 Test: simple_test
Command: "/home/samuel-yevi/Dev/optimus/k-mamba/build/tests/test_simple"
Directory: /home/samuel-yevi/Dev/optimus/k-mamba/build/tests
"simple_test" start time: Mar 16 17:02 WAT
Output:
----------------------------------------------------------
=== Simple Test Suite ===
Testing basic functionality

Testing math functions...
sqrt(3^2 + 4^2) = 5.00 (expected: 5.00)
PASS: Math functions

Testing memory allocation...
Sum of 0..999: 499.50
PASS: Memory allocation

=== Test Results ===
All basic tests PASSED!
Build system working correctly!
<end of output>
Test time =   0.00 sec
----------------------------------------------------------
Test Passed.
"simple_test" end time: Mar 16 17:02 WAT
"simple_test" time elapsed: 00:00:00
----------------------------------------------------------

10/12 Testing: OptimizersTest
10/12 Test: OptimizersTest
Command: "/home/samuel-yevi/Dev/optimus/k-mamba/build/tests/test_optimizers_new"
Directory: /home/samuel-yevi/Dev/optimus/k-mamba/build/tests
"OptimizersTest" start time: Mar 16 17:02 WAT
Output:
----------------------------------------------------------
=== k-mamba Optimizer Test Suite ===
Testing MUONCLIP and SGD optimizers

Testing MUONCLIP optimizer basic functionality...
PASS: MUONCLIP basic functionality
Testing MUONCLIP gradient clipping...
PASS: MUONCLIP gradient clipping
Testing SGD optimizer basic functionality...
PASS: SGD basic functionality
Testing optimizer convergence...
Loss: 7.017829 -> 0.000000 (3681160960.00x reduction)
PASS: Optimizer convergence
Testing optimizer weight decay...
PASS: Optimizer weight decay

=== Test Results ===
Passed: 5/5 tests
All tests PASSED!

=== Performance Benchmarks ===
Benchmarking optimizer performance...
Optimizer Performance:
  Parameters: 10000
  Throughput: 67.85 M params/sec
  Latency: 0.147 ms/step
<end of output>
Test time =   0.02 sec
----------------------------------------------------------
Test Passed.
"OptimizersTest" end time: Mar 16 17:02 WAT
"OptimizersTest" time elapsed: 00:00:00
----------------------------------------------------------

11/12 Testing: gpu_simple_test
11/12 Test: gpu_simple_test
Command: "/home/samuel-yevi/Dev/optimus/k-mamba/build/tests/test_gpu_simple"
Directory: /home/samuel-yevi/Dev/optimus/k-mamba/build/tests
"gpu_simple_test" start time: Mar 16 17:02 WAT
Output:
----------------------------------------------------------
=== k-mamba GPU Test Suite (Simple) ===
Testing basic GPU functionality

Initializing GPU device...
GPU: NVIDIA GeForce MX450 (Compute 7.5)
Memory: 1.8 GB total, 1.7 GB free
Testing basic GPU memory operations...
PASS: Basic GPU memory operations
Testing GPU vector operations...
GPU Vector Add Performance:
  Size: 1048576 elements
  Bandwidth: 18.88 GB/s
  Latency: 0.666 ms
PASS: GPU vector operations
Testing GPU matrix multiplication...
GPU Matrix Multiply Performance:
  Size: 512x512x512
  GFLOPS: 160.91
  Latency: 1.668 ms
PASS: GPU matrix multiplication
Testing GPU KMamba simulation...
GPU KMamba Simulation Performance:
  Model: 256 vocab, 512 dim, 128 seq_len
  Batch: 4
  Throughput: 895113.50 tokens/sec
  Latency: 0.572 ms/forward
PASS: GPU KMamba simulation

=== GPU Test Results ===
Passed: 4/4 tests
All GPU tests PASSED!

=== GPU Device Summary ===
Device: NVIDIA GeForce MX450
Compute: 7.5
Memory: 1.8 GB total, 1.7 GB free
Max Threads/Block: 1024
Clock Rate: 1.57 GHz
<end of output>
Test time =   0.72 sec
----------------------------------------------------------
Test Passed.
"gpu_simple_test" end time: Mar 16 17:02 WAT
"gpu_simple_test" time elapsed: 00:00:00
----------------------------------------------------------

12/12 Testing: GpuSimpleTest
12/12 Test: GpuSimpleTest
Command: "/home/samuel-yevi/Dev/optimus/k-mamba/build/tests/test_gpu_simple"
Directory: /home/samuel-yevi/Dev/optimus/k-mamba/build/tests
"GpuSimpleTest" start time: Mar 16 17:02 WAT
Output:
----------------------------------------------------------
=== k-mamba GPU Test Suite (Simple) ===
Testing basic GPU functionality

Initializing GPU device...
GPU: NVIDIA GeForce MX450 (Compute 7.5)
Memory: 1.8 GB total, 1.7 GB free
Testing basic GPU memory operations...
PASS: Basic GPU memory operations
Testing GPU vector operations...
GPU Vector Add Performance:
  Size: 1048576 elements
  Bandwidth: 18.39 GB/s
  Latency: 0.684 ms
PASS: GPU vector operations
Testing GPU matrix multiplication...
GPU Matrix Multiply Performance:
  Size: 512x512x512
  GFLOPS: 160.36
  Latency: 1.674 ms
PASS: GPU matrix multiplication
Testing GPU KMamba simulation...
GPU KMamba Simulation Performance:
  Model: 256 vocab, 512 dim, 128 seq_len
  Batch: 4
  Throughput: 964626.29 tokens/sec
  Latency: 0.531 ms/forward
PASS: GPU KMamba simulation

=== GPU Test Results ===
Passed: 4/4 tests
All GPU tests PASSED!

=== GPU Device Summary ===
Device: NVIDIA GeForce MX450
Compute: 7.5
Memory: 1.8 GB total, 1.7 GB free
Max Threads/Block: 1024
Clock Rate: 1.57 GHz
<end of output>
Test time =   0.58 sec
----------------------------------------------------------
Test Passed.
"GpuSimpleTest" end time: Mar 16 17:02 WAT
"GpuSimpleTest" time elapsed: 00:00:00
----------------------------------------------------------

End testing: Mar 16 17:02 WAT
